diff --git a/index.html b/index.html
index 2eb85f3..c3037c0 100644
--- a/index.html
+++ b/index.html
@@ -15,8 +15,8 @@
 <script src="https://cdnjs.cloudflare.com/ajax/libs/jquery/2.0.3/jquery.min.js"></script>
 
 <!-- General and theme style sheets -->
-<link rel="stylesheet" href="reveal.js/css/reveal.css">
-<link rel="stylesheet" href="reveal.js/css/theme/simple.css" id="theme">
+<link rel="stylesheet" href="https://cdnjs.cloudflare.com/ajax/libs/reveal.js/3.1.0/css/reveal.css">
+<link rel="stylesheet" href="https://cdnjs.cloudflare.com/ajax/libs/reveal.js/3.1.0/css/theme/simple.css" id="theme">
 
 <!-- If the query includes 'print-pdf', include the PDF print sheet -->
 <script>
@@ -24,14 +24,14 @@ if( window.location.search.match( /print-pdf/gi ) ) {
         var link = document.createElement( 'link' );
         link.rel = 'stylesheet';
         link.type = 'text/css';
-        link.href = 'reveal.js/css/print/pdf.css';
+        link.href = 'https://cdnjs.cloudflare.com/ajax/libs/reveal.js/3.1.0/css/print/pdf.css';
         document.getElementsByTagName( 'head' )[0].appendChild( link );
 }
 
 </script>
 
 <!--[if lt IE 9]>
-<script src="reveal.js/lib/js/html5shiv.js"></script>
+<script src="https://cdnjs.cloudflare.com/ajax/libs/reveal.js/3.1.0/lib/js/html5shiv.js"></script>
 <![endif]-->
 
 <!-- Loading the mathjax macro -->
@@ -11907,31 +11907,31 @@ a.anchor-link {
   background: #727272 !important;
 }
 
-.rise-enabled .reveal .slides 
+.reveal .slides 
 {
     font-size: 20px;
     font-family: Meiryo;
 }
 
-.rise-enabled .reveal .CodeMirror
+.reveal .CodeMirror
 {
     font-size: 24px;
 }
 
-.rise-enabled h1 {
+.reveal h1 {
     font-size : 80px;
     text-align: center;
     color: #00796B;
 }
 
-.rise-enabled h2 {
+.reveal h2 {
   position: relative;
   padding: 0.6em;
   color: #444444;
   background: #B2DFDB;
 }
 
-.rise-enabled h2:after {
+.reveal h2:after {
 position: absolute;
 content: '';
 top: 100%;
@@ -12566,8 +12566,8 @@ require(
       waitSeconds: 15
     },
     [
-      "reveal.js/lib/js/head.min.js",
-      "reveal.js/js/reveal.js"
+      "https://cdnjs.cloudflare.com/ajax/libs/reveal.js/3.1.0/lib/js/head.min.js",
+      "https://cdnjs.cloudflare.com/ajax/libs/reveal.js/3.1.0/js/reveal.js"
     ],
 
     function(head, Reveal){
@@ -12582,9 +12582,9 @@ require(
 
             // Optional libraries used to extend on reveal.js
             dependencies: [
-                { src: "reveal.js/lib/js/classList.js",
+                { src: "https://cdnjs.cloudflare.com/ajax/libs/reveal.js/3.1.0/lib/js/classList.js",
                   condition: function() { return !document.body.classList; } },
-                { src: "reveal.js/plugin/notes/notes.js",
+                { src: "https://cdnjs.cloudflare.com/ajax/libs/reveal.js/3.1.0/plugin/notes/notes.js",
                   async: true,
                   condition: function() { return !!document.body.classList; } }
             ]
